<?xml version="1.0" encoding="UTF-8"?>
<testsuite xmlns:xsi="http://www.w3.org/2001/XMLSchema-instance" xsi:noNamespaceSchemaLocation="https://maven.apache.org/surefire/maven-surefire-plugin/xsd/surefire-test-report-3.0.xsd" version="3.0" name="TestSuite" time="15.809" tests="4" errors="0" skipped="0" failures="0">
  <properties>
[...]
</properties>
  <testcase name="createNewUser" classname="com.lulobank.AppTest" time="4.719">
    <system-out><![CDATA[Request method:	POST
Request URI:	https://dummyapi.io/data/v1/user/create
Proxy:			<none>
Request params:	<none>
Query params:	<none>
Form params:	<none>
Path params:	<none>
Headers:		app-id=635ef27ac606a25734734e5f
				Accept=*/*
				Content-Type=application/json
Cookies:		<none>
Multiparts:		<none>
Body:
{
    "firstName": "Sigrid",
    "lastName": "Wehner",
    "email": "mateo.reinger@gmail.com"
}
HTTP/1.1 200 OK
Connection: keep-alive
Content-Length: 191
Access-Control-Allow-Origin: *
Cache-Control: private
Content-Type: application/json; charset=utf-8
Etag: W/"bf-gPw6vMNUYkCq+/EXaksnu2V04Oc"
Function-Execution-Id: on33jky0yyy2
Server: Google Frontend
Strict-Transport-Security: max-age=31556926
X-Cloud-Trace-Context: 5bc224afa012548be9b9d42b7b8552a4
X-Country-Code: CO
Accept-Ranges: bytes
Date: Mon, 31 Oct 2022 01:57:16 GMT
X-Served-By: cache-bog2260036-BOG
X-Cache: MISS
X-Cache-Hits: 0
X-Timer: S1667181434.225581,VS0,VE2611
Vary: cookie,need-authorization, x-fh-requested-host, accept-encoding
alt-svc: h3=":443";ma=86400,h3-29=":443";ma=86400,h3-27=":443";ma=86400

{
    "id": "635f2b7b1c1b163e201d663f",
    "firstName": "Sigrid",
    "lastName": "Wehner",
    "email": "mateo.reinger@gmail.com",
    "registerDate": "2022-10-31T01:57:15.763Z",
    "updatedDate": "2022-10-31T01:57:15.763Z"
}
]]></system-out>
    <system-err><![CDATA[SLF4J: Failed to load class "org.slf4j.impl.StaticLoggerBinder".
SLF4J: Defaulting to no-operation (NOP) logger implementation
SLF4J: See http://www.slf4j.org/codes.html#StaticLoggerBinder for further details.
]]></system-err>
  </testcase>
  <testcase name="getUser" classname="com.lulobank.AppTest" time="3.489">
    <system-out><![CDATA[Request method:	GET
Request URI:	https://dummyapi.io/data/v1/user/?id=635f2b7b1c1b163e201d663f&created=635f2b7b1c1b163e201d663f
Proxy:			<none>
Request params:	id=635f2b7b1c1b163e201d663f
				created=635f2b7b1c1b163e201d663f
Query params:	<none>
Form params:	<none>
Path params:	<none>
Headers:		app-id=635ef27ac606a25734734e5f
				Accept=*/*
				Content-Type=application/json
Cookies:		<none>
Multiparts:		<none>
Body:			<none>
HTTP/1.1 200 OK
Connection: keep-alive
Content-Length: 1036
Access-Control-Allow-Origin: *
Cache-Control: private
Content-Type: application/json; charset=utf-8
Etag: W/"40c-ZJLr94vBHbnuMLhWxIIZjyJmgwc"
Function-Execution-Id: v1ixv1bmonip
Server: Google Frontend
Strict-Transport-Security: max-age=31556926
X-Cloud-Trace-Context: f38c7c8707d5cd36f6d2cb70a7f2380d
X-Country-Code: CO
Accept-Ranges: bytes
Date: Mon, 31 Oct 2022 01:57:20 GMT
X-Served-By: cache-bog2260020-BOG
X-Cache: MISS
X-Cache-Hits: 0
X-Timer: S1667181437.486330,VS0,VE3322
Vary: cookie,need-authorization, x-fh-requested-host, accept-encoding
alt-svc: h3=":443";ma=86400,h3-29=":443";ma=86400,h3-27=":443";ma=86400

{
    "data": [
        {
            "id": "635ef49c836fe40df94803e5",
            "firstName": "William",
            "lastName": "Figueroa"
        },
        {
            "id": "635f199d836fe42930480a2c",
            "firstName": "Marcos",
            "lastName": "Balistreri"
        },
        {
            "id": "635f19ca836fe49e8e480a2f",
            "firstName": "Zachery",
            "lastName": "Ferry"
        },
        {
            "id": "635f1cc4836fe48304480ae3",
            "firstName": "Loy",
            "lastName": "Bahringer"
        },
        {
            "id": "635f1ce5836fe4f07c480ae6",
            "firstName": "Johnathan",
            "lastName": "McKenzie"
        },
        {
            "id": "635f1d06836fe496c9480aee",
            "firstName": "Hilma",
            "lastName": "Kreiger"
        },
        {
            "id": "635f1dab836fe45f3c480b3f",
            "firstName": "Kiel",
            "lastName": "Donnelly"
        },
        {
            "id": "635f1dfb836fe4a87f480b47",
            "firstName": "Marshall",
            "lastName": "Klocko"
        },
        {
            "id": "635f1e1b836fe4cef2480b50",
            "firstName": "Deshawn2",
            "lastName": "Koepp2"
        },
        {
            "id": "635f2a401718fd08c10ac993",
            "firstName": "Angelo",
            "lastName": "Pfeffer"
        },
        {
            "id": "635f2ae7227f78bb48c5d0ce",
            "firstName": "Lavina",
            "lastName": "Mueller"
        },
        {
            "id": "635f2b0aaccd5b1d5eb753c5",
            "firstName": "Harold",
            "lastName": "Shanahan"
        },
        {
            "id": "635f2b7b1c1b163e201d663f",
            "firstName": "Sigrid",
            "lastName": "Wehner"
        }
    ],
    "total": 13,
    "page": 0,
    "limit": 20
}
]]></system-out>
  </testcase>
  <testcase name="modifyUser" classname="com.lulobank.AppTest" time="3.029">
    <system-out><![CDATA[Request method:	PUT
Request URI:	https://dummyapi.io/data/v1/user/635f2b7b1c1b163e201d663f
Proxy:			<none>
Request params:	<none>
Query params:	<none>
Form params:	<none>
Path params:	<none>
Headers:		app-id=635ef27ac606a25734734e5f
				Accept=*/*
				Content-Type=application/json
Cookies:		<none>
Multiparts:		<none>
Body:
{
    "firstName": "Ila",
    "lastName": "Hartmann"
}
HTTP/1.1 200 OK
Connection: keep-alive
Content-Length: 190
Access-Control-Allow-Origin: *
Cache-Control: private
Content-Type: application/json; charset=utf-8
Etag: W/"be-XrF/a52/K//N+XUNe2yhwsDKyE0"
Function-Execution-Id: h1wz55xp5j7r
Server: Google Frontend
Strict-Transport-Security: max-age=31556926
X-Cloud-Trace-Context: fd3ff0c29f323133522f5043eddf5ffd
X-Country-Code: CO
Accept-Ranges: bytes
Date: Mon, 31 Oct 2022 01:57:23 GMT
X-Served-By: cache-bog2260024-BOG
X-Cache: MISS
X-Cache-Hits: 0
X-Timer: S1667181441.053098,VS0,VE2779
Vary: cookie,need-authorization, x-fh-requested-host, accept-encoding
alt-svc: h3=":443";ma=86400,h3-29=":443";ma=86400,h3-27=":443";ma=86400

{
    "id": "635f2b7b1c1b163e201d663f",
    "firstName": "Ila",
    "lastName": "Hartmann",
    "email": "mateo.reinger@gmail.com",
    "registerDate": "2022-10-31T01:57:15.763Z",
    "updatedDate": "2022-10-31T01:57:22.761Z"
}
]]></system-out>
  </testcase>
  <testcase name="deleteUser" classname="com.lulobank.AppTest" time="3.97">
    <system-out><![CDATA[Request method:	DELETE
Request URI:	https://dummyapi.io/data/v1/user/635f2b7b1c1b163e201d663f
Proxy:			<none>
Request params:	<none>
Query params:	<none>
Form params:	<none>
Path params:	<none>
Headers:		app-id=635ef27ac606a25734734e5f
				Accept=*/*
				Content-Type=application/json
Cookies:		<none>
Multiparts:		<none>
Body:			<none>
HTTP/1.1 200 OK
Connection: keep-alive
Content-Length: 33
Access-Control-Allow-Origin: *
Cache-Control: private
Content-Type: application/json; charset=utf-8
Etag: W/"21-6wDdXXgjn1BHlZz40OUJKTZH0S4"
Function-Execution-Id: m4s5lk5klwc1
Server: Google Frontend
Strict-Transport-Security: max-age=31556926
X-Cloud-Trace-Context: 02f2d13fe64262b2bc7484eee9bcce27
X-Country-Code: CO
Accept-Ranges: bytes
Date: Mon, 31 Oct 2022 01:57:27 GMT
X-Served-By: cache-bog2260035-BOG
X-Cache: MISS
X-Cache-Hits: 0
X-Timer: S1667181444.970791,VS0,VE3869
Vary: cookie,need-authorization, x-fh-requested-host, accept-encoding
alt-svc: h3=":443";ma=86400,h3-29=":443";ma=86400,h3-27=":443";ma=86400

{
    "id": "635f2b7b1c1b163e201d663f"
}
]]></system-out>
  </testcase>
</testsuite>