<?xml version="1.0" encoding="UTF-8"?>
<!-- Generated by org.testng.reporters.JUnitXMLReporter -->
<testsuite ignored="0" hostname="DESKTOP-EHGGBSG" failures="0" tests="4" name="Test Basics 1" time="15.251" errors="0" timestamp="2022-10-30T20:57:27 COT">
  <testcase classname="com.lulobank.AppTest" name="createNewUser" time="4.718"/>
  <testcase classname="com.lulobank.AppTest" name="getUser" time="3.478"/>
  <testcase classname="com.lulobank.AppTest" name="modifyUser" time="3.04"/>
  <testcase classname="com.lulobank.AppTest" name="deleteUser" time="3.968"/>
</testsuite> <!-- Test Basics 1 -->
